BloodBash Version:0.0.5 Compiled:11:07PM 2024-07-15
Latest Stable version:
2024-07-15 23:07:12 -   • OLDEST_LOG_FILE: /home/bloodweb/c/logs/2024-07-14 10:31:42_bash_log.log removed... 
2024-07-15 23:07:12 -   • SSH:D-key_set = bloodweb-dev@192.168.1.117 
2024-07-15 23:07:13 -   • Backup : /home/bloodweb/c/backup/local/2024-07-15 has been successfully written 
2024-07-15 23:07:13 -   • local_backups exceed Max: 6/5. Clearing oldest 1.. 
2024-07-15 23:07:13 -   • SSH:L-key_set = bloodweb-lp@192.168.1.137 
2024-07-15 23:07:13 -   • SSH:M-key_set = bloodweb-mob@192.168.1.127 
2024-07-15 23:07:13 -   • SSH:P-key_set = bloodweb@192.168.1.107 
2024-07-15 23:07:14 -   • Local-Backup: 2024-03-09 has been removed successfully 
2024-07-15 23:07:14 -   • Assumed device: *[1mpc[0m* 
2024-07-15 23:07:14 -   • Device HAS_INTERNET: true 
2024-07-15 23:07:14 -   • Home($HOME): /home/bloodweb 
2024-07-15 23:07:14 -   • Env is sourced (RC_SOURCING): true 
2024-07-15 23:07:14 -   • [92mFile sourced[0m :aliases.sh

[92mFile sourced[0m :ntfy.sh

[92mFile sourced[0m :time_date.sh

[92mFile sourced[0m :config.sh

[92mFile sourced[0m :.info

[92mFile sourced[0m :ssh.sh

[92mFile sourced[0m :aliases.sh

[92mFile sourced[0m :ntfy.sh

[92mFile sourced[0m :time_date.sh

[92mFile sourced[0m :config.sh

[92mFile sourced[0m :.info

[92mFile sourced[0m :ssh.sh

[92mFile sourced[0m :aliases.sh

[92mFile sourced[0m :ntfy.sh

[92mFile sourced[0m :time_date.sh

[92mFile sourced[0m :config.sh

[92mFile sourced[0m :.info

[92mFile sourced[0m :ssh.sh
 
BloodBash Compiling finished: 2024-07-15 23:07:14
2024-07-15 23:07:15 -   • Backup : /home/bloodweb/c/backup/local/2024-07-15 has been successfully written 
2024-07-15 23:07:15 -   • local_backups exceed Max: 6/5. Clearing oldest 1.. 
2024-07-15 23:07:16 -   • Local-Backup: 2024-07-04 has been removed successfully 
2024-07-15 23:07:16 -   • Assumed device: *[1mpc[0m* 
2024-07-15 23:07:16 -   • Device HAS_INTERNET: true 
2024-07-15 23:07:16 -   • Home($HOME): /home/bloodweb 
2024-07-15 23:07:16 -   • Env is sourced (RC_SOURCING): true 
BloodBash Compiling finished: 2024-07-15 23:07:16
