BloodBash Version:0.0.5 Compiled:09:30AM 2024-07-21
Latest Stable version:
2024-07-21 09:30:00 -   • OLDEST_LOG_FILE: /home/bloodweb/c/logs/2024-07-14 18:03:45_bash_log.log removed... 
2024-07-21 09:30:02 -   • SSH:D-key_set = bloodweb-dev@192.168.1.117 
2024-07-21 09:30:02 -   • SSH:L-key_set = bloodweb-lp@192.168.1.137 
2024-07-21 09:30:02 -   • SSH:M-key_set = bloodweb-mob@192.168.1.127 
2024-07-21 09:30:02 -   • SSH:P-key_set = bloodweb@192.168.1.107 
2024-07-21 09:30:04 -   • Backup : /home/bloodweb/c/backup/local/2024-07-21 has been successfully written 
2024-07-21 09:30:04 -   • local_backups exceed Max: 6/5. Clearing oldest 1.. 
2024-07-21 09:30:05 -   • Local-Backup: 2024-07-13 has been removed successfully 
2024-07-21 09:30:05 -   • Assumed device: *[1mpc[0m* 
2024-07-21 09:30:05 -   • Device HAS_INTERNET: true 
2024-07-21 09:30:05 -   • Home($HOME): /home/bloodweb 
2024-07-21 09:30:05 -   • Env is sourced (RC_SOURCING): true 
2024-07-21 09:30:05 -   • [92mFile sourced[0m :aliases.sh

[92mFile sourced[0m :ntfy.sh

[92mFile sourced[0m :time_date.sh

[92mFile sourced[0m :config.sh

[92mFile sourced[0m :.info

[92mFile sourced[0m :ssh.sh
 
BloodBash Compiling finished: 2024-07-21 09:30:05
